<?xml version="1.0" encoding="UTF-8"?>
<testsuite name="ClientTest" tests="9" skipped="0" failures="0" errors="0" timestamp="2017-07-23T18:17:58" hostname="Lincolns-MacBook-Air.local" time="0.783">
  <properties/>
  <testcase name="find_returnsWithSameId_secondClient" classname="ClientTest" time="0.561"/>
  <testcase name="save_savesIdIntoDB_true" classname="ClientTest" time="0.057"/>
  <testcase name="all_returnsAllInstances_true" classname="ClientTest" time="0.041"/>
  <testcase name="Client_instantiatesWithName_String" classname="ClientTest" time="0.006"/>
  <testcase name="update_updatesName_true" classname="ClientTest" time="0.032"/>
  <testcase name="Client_instantiatesTrue_true" classname="ClientTest" time="0.009"/>
  <testcase name="save_assignsIdToObject" classname="ClientTest" time="0.026"/>
  <testcase name="delete_deleteClient_true" classname="ClientTest" time="0.029"/>
  <testcase name="getId_instantiateWithAnID" classname="ClientTest" time="0.017"/>
  <system-out><![CDATA[]]></system-out>
  <system-err><![CDATA[]]></system-err>
</testsuite>
