<?xml version="1.0" encoding="UTF-8"?>
<testsuite name="StylistTest" tests="10" skipped="0" failures="0" errors="0" timestamp="2017-07-23T18:17:59" hostname="Lincolns-MacBook-Air.local" time="0.247">
  <properties/>
  <testcase name="equals_returnsTrueIfNamesAretheSame" classname="StylistTest" time="0.006"/>
  <testcase name="stylist_instantiatesTrue_true" classname="StylistTest" time="0.007"/>
  <testcase name="all_returnsAllInstances_true" classname="StylistTest" time="0.038"/>
  <testcase name="getClients_retrievesALlClientsFromDb_clientsList" classname="StylistTest" time="0.042"/>
  <testcase name="update_updatesName_true" classname="StylistTest" time="0.036"/>
  <testcase name="getId_instantiateWithAnID_1" classname="StylistTest" time="0.017"/>
  <testcase name="getName_stylistWithName_Lincoln" classname="StylistTest" time="0.009"/>
  <testcase name="save_savesIntoDatabase_true" classname="StylistTest" time="0.024"/>
  <testcase name="save_assignsIdToObject" classname="StylistTest" time="0.027"/>
  <testcase name="find_returnsWithSameId_second" classname="StylistTest" time="0.038"/>
  <system-out><![CDATA[]]></system-out>
  <system-err><![CDATA[]]></system-err>
</testsuite>
